[
  {
    "timestamp": "2024-05-28T14:00:00Z",
    "rule": {
      "level": 10,
      "description": "Simulated Detection for MITRE Technique T1131",
      "id": "200000",
      "groups": [
        "windows",
        "sysmon",
        "credential_access"
      ],
      "mitre": {
        "id": "T1131",
        "tactic": "Credential Access",
        "technique": "Technique T1131"
      }
    },
    "agent": {
      "id": "001",
      "name": "windows-client",
      "ip": "192.168.56.101"
    },
    "manager": {
      "name": "wazuh-manager"
    },
    "data": {
      "win": {
        "eventdata": {
          "Image": "C:\\\\Windows\\\\System32\\\\Simulated_T1131.exe",
          "CommandLine": "Simulated command for T1131",
          "ParentImage": "C:\\\\Windows\\\\System32\\\\cmd.exe"
        },
        "system": {
          "providerName": "Microsoft-Windows-Sysmon",
          "eventID": "1"
        }
      }
    },
    "location": "C:\\\\Simulations\\\\Simulated_T1131.exe"
  },
  {
    "timestamp": "2024-05-28T14:01:00Z",
    "rule": {
      "level": 10,
      "description": "Simulated Detection for MITRE Technique T1132",
      "id": "200001",
      "groups": [
        "windows",
        "sysmon",
        "credential_access"
      ],
      "mitre": {
        "id": "T1132",
        "tactic": "Credential Access",
        "technique": "Technique T1132"
      }
    },
    "agent": {
      "id": "001",
      "name": "windows-client",
      "ip": "192.168.56.101"
    },
    "manager": {
      "name": "wazuh-manager"
    },
    "data": {
      "win": {
        "eventdata": {
          "Image": "C:\\\\Windows\\\\System32\\\\Simulated_T1132.exe",
          "CommandLine": "Simulated command for T1132",
          "ParentImage": "C:\\\\Windows\\\\System32\\\\cmd.exe"
        },
        "system": {
          "providerName": "Microsoft-Windows-Sysmon",
          "eventID": "1"
        }
      }
    },
    "location": "C:\\\\Simulations\\\\Simulated_T1132.exe"
  },
  {
    "timestamp": "2024-05-28T14:02:00Z",
    "rule": {
      "level": 10,
      "description": "Simulated Detection for MITRE Technique T1133",
      "id": "200002",
      "groups": [
        "windows",
        "sysmon",
        "credential_access"
      ],
      "mitre": {
        "id": "T1133",
        "tactic": "Credential Access",
        "technique": "Technique T1133"
      }
    },
    "agent": {
      "id": "001",
      "name": "windows-client",
      "ip": "192.168.56.101"
    },
    "manager": {
      "name": "wazuh-manager"
    },
    "data": {
      "win": {
        "eventdata": {
          "Image": "C:\\\\Windows\\\\System32\\\\Simulated_T1133.exe",
          "CommandLine": "Simulated command for T1133",
          "ParentImage": "C:\\\\Windows\\\\System32\\\\cmd.exe"
        },
        "system": {
          "providerName": "Microsoft-Windows-Sysmon",
          "eventID": "1"
        }
      }
    },
    "location": "C:\\\\Simulations\\\\Simulated_T1133.exe"
  },
  {
    "timestamp": "2024-05-28T14:03:00Z",
    "rule": {
      "level": 10,
      "description": "Simulated Detection for MITRE Technique T1134",
      "id": "200003",
      "groups": [
        "windows",
        "sysmon",
        "credential_access"
      ],
      "mitre": {
        "id": "T1134",
        "tactic": "Credential Access",
        "technique": "Technique T1134"
      }
    },
    "agent": {
      "id": "001",
      "name": "windows-client",
      "ip": "192.168.56.101"
    },
    "manager": {
      "name": "wazuh-manager"
    },
    "data": {
      "win": {
        "eventdata": {
          "Image": "C:\\\\Windows\\\\System32\\\\Simulated_T1134.exe",
          "CommandLine": "Simulated command for T1134",
          "ParentImage": "C:\\\\Windows\\\\System32\\\\cmd.exe"
        },
        "system": {
          "providerName": "Microsoft-Windows-Sysmon",
          "eventID": "1"
        }
      }
    },
    "location": "C:\\\\Simulations\\\\Simulated_T1134.exe"
  },
  {
    "timestamp": "2024-05-28T14:04:00Z",
    "rule": {
      "level": 10,
      "description": "Simulated Detection for MITRE Technique T1135",
      "id": "200004",
      "groups": [
        "windows",
        "sysmon",
        "credential_access"
      ],
      "mitre": {
        "id": "T1135",
        "tactic": "Credential Access",
        "technique": "Technique T1135"
      }
    },
    "agent": {
      "id": "001",
      "name": "windows-client",
      "ip": "192.168.56.101"
    },
    "manager": {
      "name": "wazuh-manager"
    },
    "data": {
      "win": {
        "eventdata": {
          "Image": "C:\\\\Windows\\\\System32\\\\Simulated_T1135.exe",
          "CommandLine": "Simulated command for T1135",
          "ParentImage": "C:\\\\Windows\\\\System32\\\\cmd.exe"
        },
        "system": {
          "providerName": "Microsoft-Windows-Sysmon",
          "eventID": "1"
        }
      }
    },
    "location": "C:\\\\Simulations\\\\Simulated_T1135.exe"
  },
  {
    "timestamp": "2024-05-28T14:05:00Z",
    "rule": {
      "level": 10,
      "description": "Simulated Detection for MITRE Technique T1136",
      "id": "200005",
      "groups": [
        "windows",
        "sysmon",
        "credential_access"
      ],
      "mitre": {
        "id": "T1136",
        "tactic": "Credential Access",
        "technique": "Technique T1136"
      }
    },
    "agent": {
      "id": "001",
      "name": "windows-client",
      "ip": "192.168.56.101"
    },
    "manager": {
      "name": "wazuh-manager"
    },
    "data": {
      "win": {
        "eventdata": {
          "Image": "C:\\\\Windows\\\\System32\\\\Simulated_T1136.exe",
          "CommandLine": "Simulated command for T1136",
          "ParentImage": "C:\\\\Windows\\\\System32\\\\cmd.exe"
        },
        "system": {
          "providerName": "Microsoft-Windows-Sysmon",
          "eventID": "1"
        }
      }
    },
    "location": "C:\\\\Simulations\\\\Simulated_T1136.exe"
  },
  {
    "timestamp": "2024-05-28T14:06:00Z",
    "rule": {
      "level": 10,
      "description": "Simulated Detection for MITRE Technique T1137",
      "id": "200006",
      "groups": [
        "windows",
        "sysmon",
        "credential_access"
      ],
      "mitre": {
        "id": "T1137",
        "tactic": "Credential Access",
        "technique": "Technique T1137"
      }
    },
    "agent": {
      "id": "001",
      "name": "windows-client",
      "ip": "192.168.56.101"
    },
    "manager": {
      "name": "wazuh-manager"
    },
    "data": {
      "win": {
        "eventdata": {
          "Image": "C:\\\\Windows\\\\System32\\\\Simulated_T1137.exe",
          "CommandLine": "Simulated command for T1137",
          "ParentImage": "C:\\\\Windows\\\\System32\\\\cmd.exe"
        },
        "system": {
          "providerName": "Microsoft-Windows-Sysmon",
          "eventID": "1"
        }
      }
    },
    "location": "C:\\\\Simulations\\\\Simulated_T1137.exe"
  },
  {
    "timestamp": "2024-05-28T14:07:00Z",
    "rule": {
      "level": 10,
      "description": "Simulated Detection for MITRE Technique T1138",
      "id": "200007",
      "groups": [
        "windows",
        "sysmon",
        "credential_access"
      ],
      "mitre": {
        "id": "T1138",
        "tactic": "Credential Access",
        "technique": "Technique T1138"
      }
    },
    "agent": {
      "id": "001",
      "name": "windows-client",
      "ip": "192.168.56.101"
    },
    "manager": {
      "name": "wazuh-manager"
    },
    "data": {
      "win": {
        "eventdata": {
          "Image": "C:\\\\Windows\\\\System32\\\\Simulated_T1138.exe",
          "CommandLine": "Simulated command for T1138",
          "ParentImage": "C:\\\\Windows\\\\System32\\\\cmd.exe"
        },
        "system": {
          "providerName": "Microsoft-Windows-Sysmon",
          "eventID": "1"
        }
      }
    },
    "location": "C:\\\\Simulations\\\\Simulated_T1138.exe"
  },
  {
    "timestamp": "2024-05-28T14:08:00Z",
    "rule": {
      "level": 10,
      "description": "Simulated Detection for MITRE Technique T1139",
      "id": "200008",
      "groups": [
        "windows",
        "sysmon",
        "credential_access"
      ],
      "mitre": {
        "id": "T1139",
        "tactic": "Credential Access",
        "technique": "Technique T1139"
      }
    },
    "agent": {
      "id": "001",
      "name": "windows-client",
      "ip": "192.168.56.101"
    },
    "manager": {
      "name": "wazuh-manager"
    },
    "data": {
      "win": {
        "eventdata": {
          "Image": "C:\\\\Windows\\\\System32\\\\Simulated_T1139.exe",
          "CommandLine": "Simulated command for T1139",
          "ParentImage": "C:\\\\Windows\\\\System32\\\\cmd.exe"
        },
        "system": {
          "providerName": "Microsoft-Windows-Sysmon",
          "eventID": "1"
        }
      }
    },
    "location": "C:\\\\Simulations\\\\Simulated_T1139.exe"
  },
  {
    "timestamp": "2024-05-28T14:09:00Z",
    "rule": {
      "level": 10,
      "description": "Simulated Detection for MITRE Technique T1140",
      "id": "200009",
      "groups": [
        "windows",
        "sysmon",
        "credential_access"
      ],
      "mitre": {
        "id": "T1140",
        "tactic": "Credential Access",
        "technique": "Technique T1140"
      }
    },
    "agent": {
      "id": "001",
      "name": "windows-client",
      "ip": "192.168.56.101"
    },
    "manager": {
      "name": "wazuh-manager"
    },
    "data": {
      "win": {
        "eventdata": {
          "Image": "C:\\\\Windows\\\\System32\\\\Simulated_T1140.exe",
          "CommandLine": "Simulated command for T1140",
          "ParentImage": "C:\\\\Windows\\\\System32\\\\cmd.exe"
        },
        "system": {
          "providerName": "Microsoft-Windows-Sysmon",
          "eventID": "1"
        }
      }
    },
    "location": "C:\\\\Simulations\\\\Simulated_T1140.exe"
  },
  {
    "timestamp": "2024-05-28T14:10:00Z",
    "rule": {
      "level": 10,
      "description": "Simulated Detection for MITRE Technique T1141",
      "id": "200010",
      "groups": [
        "windows",
        "sysmon",
        "credential_access"
      ],
      "mitre": {
        "id": "T1141",
        "tactic": "Credential Access",
        "technique": "Technique T1141"
      }
    },
    "agent": {
      "id": "001",
      "name": "windows-client",
      "ip": "192.168.56.101"
    },
    "manager": {
      "name": "wazuh-manager"
    },
    "data": {
      "win": {
        "eventdata": {
          "Image": "C:\\\\Windows\\\\System32\\\\Simulated_T1141.exe",
          "CommandLine": "Simulated command for T1141",
          "ParentImage": "C:\\\\Windows\\\\System32\\\\cmd.exe"
        },
        "system": {
          "providerName": "Microsoft-Windows-Sysmon",
          "eventID": "1"
        }
      }
    },
    "location": "C:\\\\Simulations\\\\Simulated_T1141.exe"
  },
  {
    "timestamp": "2024-05-28T14:11:00Z",
    "rule": {
      "level": 10,
      "description": "Simulated Detection for MITRE Technique T1142",
      "id": "200011",
      "groups": [
        "windows",
        "sysmon",
        "credential_access"
      ],
      "mitre": {
        "id": "T1142",
        "tactic": "Credential Access",
        "technique": "Technique T1142"
      }
    },
    "agent": {
      "id": "001",
      "name": "windows-client",
      "ip": "192.168.56.101"
    },
    "manager": {
      "name": "wazuh-manager"
    },
    "data": {
      "win": {
        "eventdata": {
          "Image": "C:\\\\Windows\\\\System32\\\\Simulated_T1142.exe",
          "CommandLine": "Simulated command for T1142",
          "ParentImage": "C:\\\\Windows\\\\System32\\\\cmd.exe"
        },
        "system": {
          "providerName": "Microsoft-Windows-Sysmon",
          "eventID": "1"
        }
      }
    },
    "location": "C:\\\\Simulations\\\\Simulated_T1142.exe"
  },
  {
    "timestamp": "2024-05-28T14:12:00Z",
    "rule": {
      "level": 10,
      "description": "Simulated Detection for MITRE Technique T1143",
      "id": "200012",
      "groups": [
        "windows",
        "sysmon",
        "credential_access"
      ],
      "mitre": {
        "id": "T1143",
        "tactic": "Credential Access",
        "technique": "Technique T1143"
      }
    },
    "agent": {
      "id": "001",
      "name": "windows-client",
      "ip": "192.168.56.101"
    },
    "manager": {
      "name": "wazuh-manager"
    },
    "data": {
      "win": {
        "eventdata": {
          "Image": "C:\\\\Windows\\\\System32\\\\Simulated_T1143.exe",
          "CommandLine": "Simulated command for T1143",
          "ParentImage": "C:\\\\Windows\\\\System32\\\\cmd.exe"
        },
        "system": {
          "providerName": "Microsoft-Windows-Sysmon",
          "eventID": "1"
        }
      }
    },
    "location": "C:\\\\Simulations\\\\Simulated_T1143.exe"
  },
  {
    "timestamp": "2024-05-28T14:13:00Z",
    "rule": {
      "level": 10,
      "description": "Simulated Detection for MITRE Technique T1144",
      "id": "200013",
      "groups": [
        "windows",
        "sysmon",
        "credential_access"
      ],
      "mitre": {
        "id": "T1144",
        "tactic": "Credential Access",
        "technique": "Technique T1144"
      }
    },
    "agent": {
      "id": "001",
      "name": "windows-client",
      "ip": "192.168.56.101"
    },
    "manager": {
      "name": "wazuh-manager"
    },
    "data": {
      "win": {
        "eventdata": {
          "Image": "C:\\\\Windows\\\\System32\\\\Simulated_T1144.exe",
          "CommandLine": "Simulated command for T1144",
          "ParentImage": "C:\\\\Windows\\\\System32\\\\cmd.exe"
        },
        "system": {
          "providerName": "Microsoft-Windows-Sysmon",
          "eventID": "1"
        }
      }
    },
    "location": "C:\\\\Simulations\\\\Simulated_T1144.exe"
  },
  {
    "timestamp": "2024-05-28T14:14:00Z",
    "rule": {
      "level": 10,
      "description": "Simulated Detection for MITRE Technique T1145",
      "id": "200014",
      "groups": [
        "windows",
        "sysmon",
        "credential_access"
      ],
      "mitre": {
        "id": "T1145",
        "tactic": "Credential Access",
        "technique": "Technique T1145"
      }
    },
    "agent": {
      "id": "001",
      "name": "windows-client",
      "ip": "192.168.56.101"
    },
    "manager": {
      "name": "wazuh-manager"
    },
    "data": {
      "win": {
        "eventdata": {
          "Image": "C:\\\\Windows\\\\System32\\\\Simulated_T1145.exe",
          "CommandLine": "Simulated command for T1145",
          "ParentImage": "C:\\\\Windows\\\\System32\\\\cmd.exe"
        },
        "system": {
          "providerName": "Microsoft-Windows-Sysmon",
          "eventID": "1"
        }
      }
    },
    "location": "C:\\\\Simulations\\\\Simulated_T1145.exe"
  },
  {
    "timestamp": "2024-05-28T14:15:00Z",
    "rule": {
      "level": 10,
      "description": "Simulated Detection for MITRE Technique T1146",
      "id": "200015",
      "groups": [
        "windows",
        "sysmon",
        "credential_access"
      ],
      "mitre": {
        "id": "T1146",
        "tactic": "Credential Access",
        "technique": "Technique T1146"
      }
    },
    "agent": {
      "id": "001",
      "name": "windows-client",
      "ip": "192.168.56.101"
    },
    "manager": {
      "name": "wazuh-manager"
    },
    "data": {
      "win": {
        "eventdata": {
          "Image": "C:\\\\Windows\\\\System32\\\\Simulated_T1146.exe",
          "CommandLine": "Simulated command for T1146",
          "ParentImage": "C:\\\\Windows\\\\System32\\\\cmd.exe"
        },
        "system": {
          "providerName": "Microsoft-Windows-Sysmon",
          "eventID": "1"
        }
      }
    },
    "location": "C:\\\\Simulations\\\\Simulated_T1146.exe"
  },
  {
    "timestamp": "2024-05-28T14:16:00Z",
    "rule": {
      "level": 10,
      "description": "Simulated Detection for MITRE Technique T1147",
      "id": "200016",
      "groups": [
        "windows",
        "sysmon",
        "credential_access"
      ],
      "mitre": {
        "id": "T1147",
        "tactic": "Credential Access",
        "technique": "Technique T1147"
      }
    },
    "agent": {
      "id": "001",
      "name": "windows-client",
      "ip": "192.168.56.101"
    },
    "manager": {
      "name": "wazuh-manager"
    },
    "data": {
      "win": {
        "eventdata": {
          "Image": "C:\\\\Windows\\\\System32\\\\Simulated_T1147.exe",
          "CommandLine": "Simulated command for T1147",
          "ParentImage": "C:\\\\Windows\\\\System32\\\\cmd.exe"
        },
        "system": {
          "providerName": "Microsoft-Windows-Sysmon",
          "eventID": "1"
        }
      }
    },
    "location": "C:\\\\Simulations\\\\Simulated_T1147.exe"
  },
  {
    "timestamp": "2024-05-28T14:17:00Z",
    "rule": {
      "level": 10,
      "description": "Simulated Detection for MITRE Technique T1148",
      "id": "200017",
      "groups": [
        "windows",
        "sysmon",
        "credential_access"
      ],
      "mitre": {
        "id": "T1148",
        "tactic": "Credential Access",
        "technique": "Technique T1148"
      }
    },
    "agent": {
      "id": "001",
      "name": "windows-client",
      "ip": "192.168.56.101"
    },
    "manager": {
      "name": "wazuh-manager"
    },
    "data": {
      "win": {
        "eventdata": {
          "Image": "C:\\\\Windows\\\\System32\\\\Simulated_T1148.exe",
          "CommandLine": "Simulated command for T1148",
          "ParentImage": "C:\\\\Windows\\\\System32\\\\cmd.exe"
        },
        "system": {
          "providerName": "Microsoft-Windows-Sysmon",
          "eventID": "1"
        }
      }
    },
    "location": "C:\\\\Simulations\\\\Simulated_T1148.exe"
  },
  {
    "timestamp": "2024-05-28T14:18:00Z",
    "rule": {
      "level": 10,
      "description": "Simulated Detection for MITRE Technique T1149",
      "id": "200018",
      "groups": [
        "windows",
        "sysmon",
        "credential_access"
      ],
      "mitre": {
        "id": "T1149",
        "tactic": "Credential Access",
        "technique": "Technique T1149"
      }
    },
    "agent": {
      "id": "001",
      "name": "windows-client",
      "ip": "192.168.56.101"
    },
    "manager": {
      "name": "wazuh-manager"
    },
    "data": {
      "win": {
        "eventdata": {
          "Image": "C:\\\\Windows\\\\System32\\\\Simulated_T1149.exe",
          "CommandLine": "Simulated command for T1149",
          "ParentImage": "C:\\\\Windows\\\\System32\\\\cmd.exe"
        },
        "system": {
          "providerName": "Microsoft-Windows-Sysmon",
          "eventID": "1"
        }
      }
    },
    "location": "C:\\\\Simulations\\\\Simulated_T1149.exe"
  },
  {
    "timestamp": "2024-05-28T14:19:00Z",
    "rule": {
      "level": 10,
      "description": "Simulated Detection for MITRE Technique T1150",
      "id": "200019",
      "groups": [
        "windows",
        "sysmon",
        "credential_access"
      ],
      "mitre": {
        "id": "T1150",
        "tactic": "Credential Access",
        "technique": "Technique T1150"
      }
    },
    "agent": {
      "id": "001",
      "name": "windows-client",
      "ip": "192.168.56.101"
    },
    "manager": {
      "name": "wazuh-manager"
    },
    "data": {
      "win": {
        "eventdata": {
          "Image": "C:\\\\Windows\\\\System32\\\\Simulated_T1150.exe",
          "CommandLine": "Simulated command for T1150",
          "ParentImage": "C:\\\\Windows\\\\System32\\\\cmd.exe"
        },
        "system": {
          "providerName": "Microsoft-Windows-Sysmon",
          "eventID": "1"
        }
      }
    },
    "location": "C:\\\\Simulations\\\\Simulated_T1150.exe"
  },
  {
    "timestamp": "2024-05-28T14:20:00Z",
    "rule": {
      "level": 10,
      "description": "Simulated Detection for MITRE Technique T1151",
      "id": "200020",
      "groups": [
        "windows",
        "sysmon",
        "credential_access"
      ],
      "mitre": {
        "id": "T1151",
        "tactic": "Credential Access",
        "technique": "Technique T1151"
      }
    },
    "agent": {
      "id": "001",
      "name": "windows-client",
      "ip": "192.168.56.101"
    },
    "manager": {
      "name": "wazuh-manager"
    },
    "data": {
      "win": {
        "eventdata": {
          "Image": "C:\\\\Windows\\\\System32\\\\Simulated_T1151.exe",
          "CommandLine": "Simulated command for T1151",
          "ParentImage": "C:\\\\Windows\\\\System32\\\\cmd.exe"
        },
        "system": {
          "providerName": "Microsoft-Windows-Sysmon",
          "eventID": "1"
        }
      }
    },
    "location": "C:\\\\Simulations\\\\Simulated_T1151.exe"
  },
  {
    "timestamp": "2024-05-28T14:21:00Z",
    "rule": {
      "level": 10,
      "description": "Simulated Detection for MITRE Technique T1152",
      "id": "200021",
      "groups": [
        "windows",
        "sysmon",
        "credential_access"
      ],
      "mitre": {
        "id": "T1152",
        "tactic": "Credential Access",
        "technique": "Technique T1152"
      }
    },
    "agent": {
      "id": "001",
      "name": "windows-client",
      "ip": "192.168.56.101"
    },
    "manager": {
      "name": "wazuh-manager"
    },
    "data": {
      "win": {
        "eventdata": {
          "Image": "C:\\\\Windows\\\\System32\\\\Simulated_T1152.exe",
          "CommandLine": "Simulated command for T1152",
          "ParentImage": "C:\\\\Windows\\\\System32\\\\cmd.exe"
        },
        "system": {
          "providerName": "Microsoft-Windows-Sysmon",
          "eventID": "1"
        }
      }
    },
    "location": "C:\\\\Simulations\\\\Simulated_T1152.exe"
  },
  {
    "timestamp": "2024-05-28T14:22:00Z",
    "rule": {
      "level": 10,
      "description": "Simulated Detection for MITRE Technique T1153",
      "id": "200022",
      "groups": [
        "windows",
        "sysmon",
        "credential_access"
      ],
      "mitre": {
        "id": "T1153",
        "tactic": "Credential Access",
        "technique": "Technique T1153"
      }
    },
    "agent": {
      "id": "001",
      "name": "windows-client",
      "ip": "192.168.56.101"
    },
    "manager": {
      "name": "wazuh-manager"
    },
    "data": {
      "win": {
        "eventdata": {
          "Image": "C:\\\\Windows\\\\System32\\\\Simulated_T1153.exe",
          "CommandLine": "Simulated command for T1153",
          "ParentImage": "C:\\\\Windows\\\\System32\\\\cmd.exe"
        },
        "system": {
          "providerName": "Microsoft-Windows-Sysmon",
          "eventID": "1"
        }
      }
    },
    "location": "C:\\\\Simulations\\\\Simulated_T1153.exe"
  },
  {
    "timestamp": "2024-05-28T14:23:00Z",
    "rule": {
      "level": 10,
      "description": "Simulated Detection for MITRE Technique T1154",
      "id": "200023",
      "groups": [
        "windows",
        "sysmon",
        "credential_access"
      ],
      "mitre": {
        "id": "T1154",
        "tactic": "Credential Access",
        "technique": "Technique T1154"
      }
    },
    "agent": {
      "id": "001",
      "name": "windows-client",
      "ip": "192.168.56.101"
    },
    "manager": {
      "name": "wazuh-manager"
    },
    "data": {
      "win": {
        "eventdata": {
          "Image": "C:\\\\Windows\\\\System32\\\\Simulated_T1154.exe",
          "CommandLine": "Simulated command for T1154",
          "ParentImage": "C:\\\\Windows\\\\System32\\\\cmd.exe"
        },
        "system": {
          "providerName": "Microsoft-Windows-Sysmon",
          "eventID": "1"
        }
      }
    },
    "location": "C:\\\\Simulations\\\\Simulated_T1154.exe"
  },
  {
    "timestamp": "2024-05-28T14:24:00Z",
    "rule": {
      "level": 10,
      "description": "Simulated Detection for MITRE Technique T1155",
      "id": "200024",
      "groups": [
        "windows",
        "sysmon",
        "credential_access"
      ],
      "mitre": {
        "id": "T1155",
        "tactic": "Credential Access",
        "technique": "Technique T1155"
      }
    },
    "agent": {
      "id": "001",
      "name": "windows-client",
      "ip": "192.168.56.101"
    },
    "manager": {
      "name": "wazuh-manager"
    },
    "data": {
      "win": {
        "eventdata": {
          "Image": "C:\\\\Windows\\\\System32\\\\Simulated_T1155.exe",
          "CommandLine": "Simulated command for T1155",
          "ParentImage": "C:\\\\Windows\\\\System32\\\\cmd.exe"
        },
        "system": {
          "providerName": "Microsoft-Windows-Sysmon",
          "eventID": "1"
        }
      }
    },
    "location": "C:\\\\Simulations\\\\Simulated_T1155.exe"
  },
  {
    "timestamp": "2024-05-28T14:25:00Z",
    "rule": {
      "level": 10,
      "description": "Simulated Detection for MITRE Technique T1156",
      "id": "200025",
      "groups": [
        "windows",
        "sysmon",
        "credential_access"
      ],
      "mitre": {
        "id": "T1156",
        "tactic": "Credential Access",
        "technique": "Technique T1156"
      }
    },
    "agent": {
      "id": "001",
      "name": "windows-client",
      "ip": "192.168.56.101"
    },
    "manager": {
      "name": "wazuh-manager"
    },
    "data": {
      "win": {
        "eventdata": {
          "Image": "C:\\\\Windows\\\\System32\\\\Simulated_T1156.exe",
          "CommandLine": "Simulated command for T1156",
          "ParentImage": "C:\\\\Windows\\\\System32\\\\cmd.exe"
        },
        "system": {
          "providerName": "Microsoft-Windows-Sysmon",
          "eventID": "1"
        }
      }
    },
    "location": "C:\\\\Simulations\\\\Simulated_T1156.exe"
  },
  {
    "timestamp": "2024-05-28T14:26:00Z",
    "rule": {
      "level": 10,
      "description": "Simulated Detection for MITRE Technique T1157",
      "id": "200026",
      "groups": [
        "windows",
        "sysmon",
        "credential_access"
      ],
      "mitre": {
        "id": "T1157",
        "tactic": "Credential Access",
        "technique": "Technique T1157"
      }
    },
    "agent": {
      "id": "001",
      "name": "windows-client",
      "ip": "192.168.56.101"
    },
    "manager": {
      "name": "wazuh-manager"
    },
    "data": {
      "win": {
        "eventdata": {
          "Image": "C:\\\\Windows\\\\System32\\\\Simulated_T1157.exe",
          "CommandLine": "Simulated command for T1157",
          "ParentImage": "C:\\\\Windows\\\\System32\\\\cmd.exe"
        },
        "system": {
          "providerName": "Microsoft-Windows-Sysmon",
          "eventID": "1"
        }
      }
    },
    "location": "C:\\\\Simulations\\\\Simulated_T1157.exe"
  },
  {
    "timestamp": "2024-05-28T14:27:00Z",
    "rule": {
      "level": 10,
      "description": "Simulated Detection for MITRE Technique T1158",
      "id": "200027",
      "groups": [
        "windows",
        "sysmon",
        "credential_access"
      ],
      "mitre": {
        "id": "T1158",
        "tactic": "Credential Access",
        "technique": "Technique T1158"
      }
    },
    "agent": {
      "id": "001",
      "name": "windows-client",
      "ip": "192.168.56.101"
    },
    "manager": {
      "name": "wazuh-manager"
    },
    "data": {
      "win": {
        "eventdata": {
          "Image": "C:\\\\Windows\\\\System32\\\\Simulated_T1158.exe",
          "CommandLine": "Simulated command for T1158",
          "ParentImage": "C:\\\\Windows\\\\System32\\\\cmd.exe"
        },
        "system": {
          "providerName": "Microsoft-Windows-Sysmon",
          "eventID": "1"
        }
      }
    },
    "location": "C:\\\\Simulations\\\\Simulated_T1158.exe"
  },
  {
    "timestamp": "2024-05-28T14:28:00Z",
    "rule": {
      "level": 10,
      "description": "Simulated Detection for MITRE Technique T1159",
      "id": "200028",
      "groups": [
        "windows",
        "sysmon",
        "credential_access"
      ],
      "mitre": {
        "id": "T1159",
        "tactic": "Credential Access",
        "technique": "Technique T1159"
      }
    },
    "agent": {
      "id": "001",
      "name": "windows-client",
      "ip": "192.168.56.101"
    },
    "manager": {
      "name": "wazuh-manager"
    },
    "data": {
      "win": {
        "eventdata": {
          "Image": "C:\\\\Windows\\\\System32\\\\Simulated_T1159.exe",
          "CommandLine": "Simulated command for T1159",
          "ParentImage": "C:\\\\Windows\\\\System32\\\\cmd.exe"
        },
        "system": {
          "providerName": "Microsoft-Windows-Sysmon",
          "eventID": "1"
        }
      }
    },
    "location": "C:\\\\Simulations\\\\Simulated_T1159.exe"
  },
  {
    "timestamp": "2024-05-28T14:29:00Z",
    "rule": {
      "level": 10,
      "description": "Simulated Detection for MITRE Technique T1160",
      "id": "200029",
      "groups": [
        "windows",
        "sysmon",
        "credential_access"
      ],
      "mitre": {
        "id": "T1160",
        "tactic": "Credential Access",
        "technique": "Technique T1160"
      }
    },
    "agent": {
      "id": "001",
      "name": "windows-client",
      "ip": "192.168.56.101"
    },
    "manager": {
      "name": "wazuh-manager"
    },
    "data": {
      "win": {
        "eventdata": {
          "Image": "C:\\\\Windows\\\\System32\\\\Simulated_T1160.exe",
          "CommandLine": "Simulated command for T1160",
          "ParentImage": "C:\\\\Windows\\\\System32\\\\cmd.exe"
        },
        "system": {
          "providerName": "Microsoft-Windows-Sysmon",
          "eventID": "1"
        }
      }
    },
    "location": "C:\\\\Simulations\\\\Simulated_T1160.exe"
  },
  {
    "timestamp": "2024-05-28T14:30:00Z",
    "rule": {
      "level": 10,
      "description": "Simulated Detection for MITRE Technique T1161",
      "id": "200030",
      "groups": [
        "windows",
        "sysmon",
        "credential_access"
      ],
      "mitre": {
        "id": "T1161",
        "tactic": "Credential Access",
        "technique": "Technique T1161"
      }
    },
    "agent": {
      "id": "001",
      "name": "windows-client",
      "ip": "192.168.56.101"
    },
    "manager": {
      "name": "wazuh-manager"
    },
    "data": {
      "win": {
        "eventdata": {
          "Image": "C:\\\\Windows\\\\System32\\\\Simulated_T1161.exe",
          "CommandLine": "Simulated command for T1161",
          "ParentImage": "C:\\\\Windows\\\\System32\\\\cmd.exe"
        },
        "system": {
          "providerName": "Microsoft-Windows-Sysmon",
          "eventID": "1"
        }
      }
    },
    "location": "C:\\\\Simulations\\\\Simulated_T1161.exe"
  },
  {
    "timestamp": "2024-05-28T14:31:00Z",
    "rule": {
      "level": 10,
      "description": "Simulated Detection for MITRE Technique T1162",
      "id": "200031",
      "groups": [
        "windows",
        "sysmon",
        "credential_access"
      ],
      "mitre": {
        "id": "T1162",
        "tactic": "Credential Access",
        "technique": "Technique T1162"
      }
    },
    "agent": {
      "id": "001",
      "name": "windows-client",
      "ip": "192.168.56.101"
    },
    "manager": {
      "name": "wazuh-manager"
    },
    "data": {
      "win": {
        "eventdata": {
          "Image": "C:\\\\Windows\\\\System32\\\\Simulated_T1162.exe",
          "CommandLine": "Simulated command for T1162",
          "ParentImage": "C:\\\\Windows\\\\System32\\\\cmd.exe"
        },
        "system": {
          "providerName": "Microsoft-Windows-Sysmon",
          "eventID": "1"
        }
      }
    },
    "location": "C:\\\\Simulations\\\\Simulated_T1162.exe"
  },
  {
    "timestamp": "2024-05-28T14:32:00Z",
    "rule": {
      "level": 10,
      "description": "Simulated Detection for MITRE Technique T1163",
      "id": "200032",
      "groups": [
        "windows",
        "sysmon",
        "credential_access"
      ],
      "mitre": {
        "id": "T1163",
        "tactic": "Credential Access",
        "technique": "Technique T1163"
      }
    },
    "agent": {
      "id": "001",
      "name": "windows-client",
      "ip": "192.168.56.101"
    },
    "manager": {
      "name": "wazuh-manager"
    },
    "data": {
      "win": {
        "eventdata": {
          "Image": "C:\\\\Windows\\\\System32\\\\Simulated_T1163.exe",
          "CommandLine": "Simulated command for T1163",
          "ParentImage": "C:\\\\Windows\\\\System32\\\\cmd.exe"
        },
        "system": {
          "providerName": "Microsoft-Windows-Sysmon",
          "eventID": "1"
        }
      }
    },
    "location": "C:\\\\Simulations\\\\Simulated_T1163.exe"
  },
  {
    "timestamp": "2024-05-28T14:33:00Z",
    "rule": {
      "level": 10,
      "description": "Simulated Detection for MITRE Technique T1164",
      "id": "200033",
      "groups": [
        "windows",
        "sysmon",
        "credential_access"
      ],
      "mitre": {
        "id": "T1164",
        "tactic": "Credential Access",
        "technique": "Technique T1164"
      }
    },
    "agent": {
      "id": "001",
      "name": "windows-client",
      "ip": "192.168.56.101"
    },
    "manager": {
      "name": "wazuh-manager"
    },
    "data": {
      "win": {
        "eventdata": {
          "Image": "C:\\\\Windows\\\\System32\\\\Simulated_T1164.exe",
          "CommandLine": "Simulated command for T1164",
          "ParentImage": "C:\\\\Windows\\\\System32\\\\cmd.exe"
        },
        "system": {
          "providerName": "Microsoft-Windows-Sysmon",
          "eventID": "1"
        }
      }
    },
    "location": "C:\\\\Simulations\\\\Simulated_T1164.exe"
  },
  {
    "timestamp": "2024-05-28T14:34:00Z",
    "rule": {
      "level": 10,
      "description": "Simulated Detection for MITRE Technique T1165",
      "id": "200034",
      "groups": [
        "windows",
        "sysmon",
        "credential_access"
      ],
      "mitre": {
        "id": "T1165",
        "tactic": "Credential Access",
        "technique": "Technique T1165"
      }
    },
    "agent": {
      "id": "001",
      "name": "windows-client",
      "ip": "192.168.56.101"
    },
    "manager": {
      "name": "wazuh-manager"
    },
    "data": {
      "win": {
        "eventdata": {
          "Image": "C:\\\\Windows\\\\System32\\\\Simulated_T1165.exe",
          "CommandLine": "Simulated command for T1165",
          "ParentImage": "C:\\\\Windows\\\\System32\\\\cmd.exe"
        },
        "system": {
          "providerName": "Microsoft-Windows-Sysmon",
          "eventID": "1"
        }
      }
    },
    "location": "C:\\\\Simulations\\\\Simulated_T1165.exe"
  },
  {
    "timestamp": "2024-05-28T14:35:00Z",
    "rule": {
      "level": 10,
      "description": "Simulated Detection for MITRE Technique T1166",
      "id": "200035",
      "groups": [
        "windows",
        "sysmon",
        "credential_access"
      ],
      "mitre": {
        "id": "T1166",
        "tactic": "Credential Access",
        "technique": "Technique T1166"
      }
    },
    "agent": {
      "id": "001",
      "name": "windows-client",
      "ip": "192.168.56.101"
    },
    "manager": {
      "name": "wazuh-manager"
    },
    "data": {
      "win": {
        "eventdata": {
          "Image": "C:\\\\Windows\\\\System32\\\\Simulated_T1166.exe",
          "CommandLine": "Simulated command for T1166",
          "ParentImage": "C:\\\\Windows\\\\System32\\\\cmd.exe"
        },
        "system": {
          "providerName": "Microsoft-Windows-Sysmon",
          "eventID": "1"
        }
      }
    },
    "location": "C:\\\\Simulations\\\\Simulated_T1166.exe"
  },
  {
    "timestamp": "2024-05-28T14:36:00Z",
    "rule": {
      "level": 10,
      "description": "Simulated Detection for MITRE Technique T1167",
      "id": "200036",
      "groups": [
        "windows",
        "sysmon",
        "credential_access"
      ],
      "mitre": {
        "id": "T1167",
        "tactic": "Credential Access",
        "technique": "Technique T1167"
      }
    },
    "agent": {
      "id": "001",
      "name": "windows-client",
      "ip": "192.168.56.101"
    },
    "manager": {
      "name": "wazuh-manager"
    },
    "data": {
      "win": {
        "eventdata": {
          "Image": "C:\\\\Windows\\\\System32\\\\Simulated_T1167.exe",
          "CommandLine": "Simulated command for T1167",
          "ParentImage": "C:\\\\Windows\\\\System32\\\\cmd.exe"
        },
        "system": {
          "providerName": "Microsoft-Windows-Sysmon",
          "eventID": "1"
        }
      }
    },
    "location": "C:\\\\Simulations\\\\Simulated_T1167.exe"
  },
  {
    "timestamp": "2024-05-28T14:37:00Z",
    "rule": {
      "level": 10,
      "description": "Simulated Detection for MITRE Technique T1168",
      "id": "200037",
      "groups": [
        "windows",
        "sysmon",
        "credential_access"
      ],
      "mitre": {
        "id": "T1168",
        "tactic": "Credential Access",
        "technique": "Technique T1168"
      }
    },
    "agent": {
      "id": "001",
      "name": "windows-client",
      "ip": "192.168.56.101"
    },
    "manager": {
      "name": "wazuh-manager"
    },
    "data": {
      "win": {
        "eventdata": {
          "Image": "C:\\\\Windows\\\\System32\\\\Simulated_T1168.exe",
          "CommandLine": "Simulated command for T1168",
          "ParentImage": "C:\\\\Windows\\\\System32\\\\cmd.exe"
        },
        "system": {
          "providerName": "Microsoft-Windows-Sysmon",
          "eventID": "1"
        }
      }
    },
    "location": "C:\\\\Simulations\\\\Simulated_T1168.exe"
  },
  {
    "timestamp": "2024-05-28T14:38:00Z",
    "rule": {
      "level": 10,
      "description": "Simulated Detection for MITRE Technique T1169",
      "id": "200038",
      "groups": [
        "windows",
        "sysmon",
        "credential_access"
      ],
      "mitre": {
        "id": "T1169",
        "tactic": "Credential Access",
        "technique": "Technique T1169"
      }
    },
    "agent": {
      "id": "001",
      "name": "windows-client",
      "ip": "192.168.56.101"
    },
    "manager": {
      "name": "wazuh-manager"
    },
    "data": {
      "win": {
        "eventdata": {
          "Image": "C:\\\\Windows\\\\System32\\\\Simulated_T1169.exe",
          "CommandLine": "Simulated command for T1169",
          "ParentImage": "C:\\\\Windows\\\\System32\\\\cmd.exe"
        },
        "system": {
          "providerName": "Microsoft-Windows-Sysmon",
          "eventID": "1"
        }
      }
    },
    "location": "C:\\\\Simulations\\\\Simulated_T1169.exe"
  },
  {
    "timestamp": "2024-05-28T14:39:00Z",
    "rule": {
      "level": 10,
      "description": "Simulated Detection for MITRE Technique T1170",
      "id": "200039",
      "groups": [
        "windows",
        "sysmon",
        "credential_access"
      ],
      "mitre": {
        "id": "T1170",
        "tactic": "Credential Access",
        "technique": "Technique T1170"
      }
    },
    "agent": {
      "id": "001",
      "name": "windows-client",
      "ip": "192.168.56.101"
    },
    "manager": {
      "name": "wazuh-manager"
    },
    "data": {
      "win": {
        "eventdata": {
          "Image": "C:\\\\Windows\\\\System32\\\\Simulated_T1170.exe",
          "CommandLine": "Simulated command for T1170",
          "ParentImage": "C:\\\\Windows\\\\System32\\\\cmd.exe"
        },
        "system": {
          "providerName": "Microsoft-Windows-Sysmon",
          "eventID": "1"
        }
      }
    },
    "location": "C:\\\\Simulations\\\\Simulated_T1170.exe"
  },
  {
    "timestamp": "2024-05-28T14:40:00Z",
    "rule": {
      "level": 10,
      "description": "Simulated Detection for MITRE Technique T1171",
      "id": "200040",
      "groups": [
        "windows",
        "sysmon",
        "credential_access"
      ],
      "mitre": {
        "id": "T1171",
        "tactic": "Credential Access",
        "technique": "Technique T1171"
      }
    },
    "agent": {
      "id": "001",
      "name": "windows-client",
      "ip": "192.168.56.101"
    },
    "manager": {
      "name": "wazuh-manager"
    },
    "data": {
      "win": {
        "eventdata": {
          "Image": "C:\\\\Windows\\\\System32\\\\Simulated_T1171.exe",
          "CommandLine": "Simulated command for T1171",
          "ParentImage": "C:\\\\Windows\\\\System32\\\\cmd.exe"
        },
        "system": {
          "providerName": "Microsoft-Windows-Sysmon",
          "eventID": "1"
        }
      }
    },
    "location": "C:\\\\Simulations\\\\Simulated_T1171.exe"
  },
  {
    "timestamp": "2024-05-28T14:41:00Z",
    "rule": {
      "level": 10,
      "description": "Simulated Detection for MITRE Technique T1172",
      "id": "200041",
      "groups": [
        "windows",
        "sysmon",
        "credential_access"
      ],
      "mitre": {
        "id": "T1172",
        "tactic": "Credential Access",
        "technique": "Technique T1172"
      }
    },
    "agent": {
      "id": "001",
      "name": "windows-client",
      "ip": "192.168.56.101"
    },
    "manager": {
      "name": "wazuh-manager"
    },
    "data": {
      "win": {
        "eventdata": {
          "Image": "C:\\\\Windows\\\\System32\\\\Simulated_T1172.exe",
          "CommandLine": "Simulated command for T1172",
          "ParentImage": "C:\\\\Windows\\\\System32\\\\cmd.exe"
        },
        "system": {
          "providerName": "Microsoft-Windows-Sysmon",
          "eventID": "1"
        }
      }
    },
    "location": "C:\\\\Simulations\\\\Simulated_T1172.exe"
  },
  {
    "timestamp": "2024-05-28T14:42:00Z",
    "rule": {
      "level": 10,
      "description": "Simulated Detection for MITRE Technique T1173",
      "id": "200042",
      "groups": [
        "windows",
        "sysmon",
        "credential_access"
      ],
      "mitre": {
        "id": "T1173",
        "tactic": "Credential Access",
        "technique": "Technique T1173"
      }
    },
    "agent": {
      "id": "001",
      "name": "windows-client",
      "ip": "192.168.56.101"
    },
    "manager": {
      "name": "wazuh-manager"
    },
    "data": {
      "win": {
        "eventdata": {
          "Image": "C:\\\\Windows\\\\System32\\\\Simulated_T1173.exe",
          "CommandLine": "Simulated command for T1173",
          "ParentImage": "C:\\\\Windows\\\\System32\\\\cmd.exe"
        },
        "system": {
          "providerName": "Microsoft-Windows-Sysmon",
          "eventID": "1"
        }
      }
    },
    "location": "C:\\\\Simulations\\\\Simulated_T1173.exe"
  },
  {
    "timestamp": "2024-05-28T14:43:00Z",
    "rule": {
      "level": 10,
      "description": "Simulated Detection for MITRE Technique T1174",
      "id": "200043",
      "groups": [
        "windows",
        "sysmon",
        "credential_access"
      ],
      "mitre": {
        "id": "T1174",
        "tactic": "Credential Access",
        "technique": "Technique T1174"
      }
    },
    "agent": {
      "id": "001",
      "name": "windows-client",
      "ip": "192.168.56.101"
    },
    "manager": {
      "name": "wazuh-manager"
    },
    "data": {
      "win": {
        "eventdata": {
          "Image": "C:\\\\Windows\\\\System32\\\\Simulated_T1174.exe",
          "CommandLine": "Simulated command for T1174",
          "ParentImage": "C:\\\\Windows\\\\System32\\\\cmd.exe"
        },
        "system": {
          "providerName": "Microsoft-Windows-Sysmon",
          "eventID": "1"
        }
      }
    },
    "location": "C:\\\\Simulations\\\\Simulated_T1174.exe"
  },
  {
    "timestamp": "2024-05-28T14:44:00Z",
    "rule": {
      "level": 10,
      "description": "Simulated Detection for MITRE Technique T1175",
      "id": "200044",
      "groups": [
        "windows",
        "sysmon",
        "credential_access"
      ],
      "mitre": {
        "id": "T1175",
        "tactic": "Credential Access",
        "technique": "Technique T1175"
      }
    },
    "agent": {
      "id": "001",
      "name": "windows-client",
      "ip": "192.168.56.101"
    },
    "manager": {
      "name": "wazuh-manager"
    },
    "data": {
      "win": {
        "eventdata": {
          "Image": "C:\\\\Windows\\\\System32\\\\Simulated_T1175.exe",
          "CommandLine": "Simulated command for T1175",
          "ParentImage": "C:\\\\Windows\\\\System32\\\\cmd.exe"
        },
        "system": {
          "providerName": "Microsoft-Windows-Sysmon",
          "eventID": "1"
        }
      }
    },
    "location": "C:\\\\Simulations\\\\Simulated_T1175.exe"
  },
  {
    "timestamp": "2024-05-28T14:45:00Z",
    "rule": {
      "level": 10,
      "description": "Simulated Detection for MITRE Technique T1176",
      "id": "200045",
      "groups": [
        "windows",
        "sysmon",
        "credential_access"
      ],
      "mitre": {
        "id": "T1176",
        "tactic": "Credential Access",
        "technique": "Technique T1176"
      }
    },
    "agent": {
      "id": "001",
      "name": "windows-client",
      "ip": "192.168.56.101"
    },
    "manager": {
      "name": "wazuh-manager"
    },
    "data": {
      "win": {
        "eventdata": {
          "Image": "C:\\\\Windows\\\\System32\\\\Simulated_T1176.exe",
          "CommandLine": "Simulated command for T1176",
          "ParentImage": "C:\\\\Windows\\\\System32\\\\cmd.exe"
        },
        "system": {
          "providerName": "Microsoft-Windows-Sysmon",
          "eventID": "1"
        }
      }
    },
    "location": "C:\\\\Simulations\\\\Simulated_T1176.exe"
  },
  {
    "timestamp": "2024-05-28T14:46:00Z",
    "rule": {
      "level": 10,
      "description": "Simulated Detection for MITRE Technique T1177",
      "id": "200046",
      "groups": [
        "windows",
        "sysmon",
        "credential_access"
      ],
      "mitre": {
        "id": "T1177",
        "tactic": "Credential Access",
        "technique": "Technique T1177"
      }
    },
    "agent": {
      "id": "001",
      "name": "windows-client",
      "ip": "192.168.56.101"
    },
    "manager": {
      "name": "wazuh-manager"
    },
    "data": {
      "win": {
        "eventdata": {
          "Image": "C:\\\\Windows\\\\System32\\\\Simulated_T1177.exe",
          "CommandLine": "Simulated command for T1177",
          "ParentImage": "C:\\\\Windows\\\\System32\\\\cmd.exe"
        },
        "system": {
          "providerName": "Microsoft-Windows-Sysmon",
          "eventID": "1"
        }
      }
    },
    "location": "C:\\\\Simulations\\\\Simulated_T1177.exe"
  },
  {
    "timestamp": "2024-05-28T14:47:00Z",
    "rule": {
      "level": 10,
      "description": "Simulated Detection for MITRE Technique T1178",
      "id": "200047",
      "groups": [
        "windows",
        "sysmon",
        "credential_access"
      ],
      "mitre": {
        "id": "T1178",
        "tactic": "Credential Access",
        "technique": "Technique T1178"
      }
    },
    "agent": {
      "id": "001",
      "name": "windows-client",
      "ip": "192.168.56.101"
    },
    "manager": {
      "name": "wazuh-manager"
    },
    "data": {
      "win": {
        "eventdata": {
          "Image": "C:\\\\Windows\\\\System32\\\\Simulated_T1178.exe",
          "CommandLine": "Simulated command for T1178",
          "ParentImage": "C:\\\\Windows\\\\System32\\\\cmd.exe"
        },
        "system": {
          "providerName": "Microsoft-Windows-Sysmon",
          "eventID": "1"
        }
      }
    },
    "location": "C:\\\\Simulations\\\\Simulated_T1178.exe"
  },
  {
    "timestamp": "2024-05-28T14:48:00Z",
    "rule": {
      "level": 10,
      "description": "Simulated Detection for MITRE Technique T1179",
      "id": "200048",
      "groups": [
        "windows",
        "sysmon",
        "credential_access"
      ],
      "mitre": {
        "id": "T1179",
        "tactic": "Credential Access",
        "technique": "Technique T1179"
      }
    },
    "agent": {
      "id": "001",
      "name": "windows-client",
      "ip": "192.168.56.101"
    },
    "manager": {
      "name": "wazuh-manager"
    },
    "data": {
      "win": {
        "eventdata": {
          "Image": "C:\\\\Windows\\\\System32\\\\Simulated_T1179.exe",
          "CommandLine": "Simulated command for T1179",
          "ParentImage": "C:\\\\Windows\\\\System32\\\\cmd.exe"
        },
        "system": {
          "providerName": "Microsoft-Windows-Sysmon",
          "eventID": "1"
        }
      }
    },
    "location": "C:\\\\Simulations\\\\Simulated_T1179.exe"
  },
  {
    "timestamp": "2024-05-28T14:49:00Z",
    "rule": {
      "level": 10,
      "description": "Simulated Detection for MITRE Technique T1180",
      "id": "200049",
      "groups": [
        "windows",
        "sysmon",
        "credential_access"
      ],
      "mitre": {
        "id": "T1180",
        "tactic": "Credential Access",
        "technique": "Technique T1180"
      }
    },
    "agent": {
      "id": "001",
      "name": "windows-client",
      "ip": "192.168.56.101"
    },
    "manager": {
      "name": "wazuh-manager"
    },
    "data": {
      "win": {
        "eventdata": {
          "Image": "C:\\\\Windows\\\\System32\\\\Simulated_T1180.exe",
          "CommandLine": "Simulated command for T1180",
          "ParentImage": "C:\\\\Windows\\\\System32\\\\cmd.exe"
        },
        "system": {
          "providerName": "Microsoft-Windows-Sysmon",
          "eventID": "1"
        }
      }
    },
    "location": "C:\\\\Simulations\\\\Simulated_T1180.exe"
  }
]